# JRE version: Java(TM) SE Runtime Environment (8.0_181-b13) (build 1.8.0_181-b13)
# Java VM: Java HotSpot(TM) 64-Bit Server VM (25.181-b13 mixed mode windows-amd64 compressed oops)
Heap:
 PSYoungGen      total 438272K, used 231132K [0x00000000e0000000, 0x0000000100000000, 0x0000000100000000)
  eden space 404480K, 48% used [0x00000000e0000000,0x00000000ec0be0f8,0x00000000f8b00000)
  from space 33792K, 99% used [0x00000000f8b00000,0x00000000fabf9030,0x00000000fac00000)
  to   space 39424K, 0% used [0x00000000fd980000,0x00000000fd980000,0x0000000100000000)
 ParOldGen       total 323072K, used 67105K [0x00000000a0000000, 0x00000000b3b80000, 0x00000000e0000000)
  object space 323072K, 20% used [0x00000000a0000000,0x00000000a41886e0,0x00000000b3b80000)
 Metaspace       used 72249K, capacity 77752K, committed 77824K, reserved 1116160K
  class space    used 10103K, capacity 11226K, committed 11264K, reserved 1048576K
GC Heap History (10 events):
Event: 5.130 GC heap before
{Heap before GC invocations=8 (full 2):
 PSYoungGen      total 206848K, used 190464K [0x00000000e0000000, 0x00000000f2a80000, 0x0000000100000000)
  eden space 190464K, 100% used [0x00000000e0000000,0x00000000eba00000,0x00000000eba00000)
  from space 16384K, 0% used [0x00000000eba00000,0x00000000eba00000,0x00000000eca00000)
  to   space 14336K, 0% used [0x00000000f1c80000,0x00000000f1c80000,0x00000000f2a80000)
 ParOldGen       total 199680K, used 17475K [0x00000000a0000000, 0x00000000ac300000, 0x00000000e0000000)
  object space 199680K, 8% used [0x00000000a0000000,0x00000000a1110ca8,0x00000000ac300000)
 Metaspace       used 42706K, capacity 44358K, committed 44416K, reserved 1087488K
  class space    used 6165K, capacity 6490K, committed 6528K, reserved 1048576K
Event: 5.144 GC heap after
Heap after GC invocations=8 (full 2):
 PSYoungGen      total 289792K, used 14314K [0x00000000e0000000, 0x00000000f3680000, 0x0000000100000000)
  eden space 275456K, 0% used [0x00000000e0000000,0x00000000e0000000,0x00000000f0d00000)
  from space 14336K, 99% used [0x00000000f1c80000,0x00000000f2a7a940,0x00000000f2a80000)
  to   space 15872K, 0% used [0x00000000f0d00000,0x00000000f0d00000,0x00000000f1c80000)
 ParOldGen       total 199680K, used 17833K [0x00000000a0000000, 0x00000000ac300000, 0x00000000e0000000)
  object space 199680K, 8% used [0x00000000a0000000,0x00000000a116a6d8,0x00000000ac300000)
 Metaspace       used 42706K, capacity 44358K, committed 44416K, reserved 1087488K
  class space    used 6165K, capacity 6490K, committed 6528K, reserved 1048576K
}
Event: 7.280 GC heap before
{Heap before GC invocations=9 (full 2):
 PSYoungGen      total 289792K, used 289770K [0x00000000e0000000, 0x00000000f3680000, 0x0000000100000000)
  eden space 275456K, 100% used [0x00000000e0000000,0x00000000f0d00000,0x00000000f0d00000)
  from space 14336K, 99% used [0x00000000f1c80000,0x00000000f2a7a940,0x00000000f2a80000)
  to   space 15872K, 0% used [0x00000000f0d00000,0x00000000f0d00000,0x00000000f1c80000)
 ParOldGen       total 199680K, used 17833K [0x00000000a0000000, 0x00000000ac300000, 0x00000000e0000000)
  object space 199680K, 8% used [0x00000000a0000000,0x00000000a116a6d8,0x00000000ac300000)
 Metaspace       used 51555K, capacity 55138K, committed 55296K, reserved 1095680K
  class space    used 7505K, capacity 8170K, committed 8192K, reserved 1048576K
Event: 7.310 GC heap after
Heap after GC invocations=9 (full 2):
 PSYoungGen      total 291328K, used 15869K [0x00000000e0000000, 0x00000000fca80000, 0x0000000100000000)
  eden space 275456K, 0% used [0x00000000e0000000,0x00000000e0000000,0x00000000f0d00000)
  from space 15872K, 99% used [0x00000000f0d00000,0x00000000f1c7f670,0x00000000f1c80000)
  to   space 31232K, 0% used [0x00000000fac00000,0x00000000fac00000,0x00000000fca80000)
 ParOldGen       total 199680K, used 44737K [0x00000000a0000000, 0x00000000ac300000, 0x00000000e0000000)
  object space 199680K, 22% used [0x00000000a0000000,0x00000000a2bb0738,0x00000000ac300000)
 Metaspace       used 51555K, capacity 55138K, committed 55296K, reserved 1095680K
  class space    used 7505K, capacity 8170K, committed 8192K, reserved 1048576K
}
Event: 7.939 GC heap before
{Heap before GC invocations=10 (full 2):
 PSYoungGen      total 291328K, used 103554K [0x00000000e0000000, 0x00000000fca80000, 0x0000000100000000)
  eden space 275456K, 31% used [0x00000000e0000000,0x00000000e55a1460,0x00000000f0d00000)
  from space 15872K, 99% used [0x00000000f0d00000,0x00000000f1c7f670,0x00000000f1c80000)
  to   space 31232K, 0% used [0x00000000fac00000,0x00000000fac00000,0x00000000fca80000)
 ParOldGen       total 199680K, used 44737K [0x00000000a0000000, 0x00000000ac300000, 0x00000000e0000000)
  object space 199680K, 22% used [0x00000000a0000000,0x00000000a2bb0738,0x00000000ac300000)
 Metaspace       used 54931K, capacity 59080K, committed 59136K, reserved 1099776K
  class space    used 7932K, capacity 8677K, committed 8704K, reserved 1048576K
Event: 7.962 GC heap after
Heap after GC invocations=10 (full 2):
 PSYoungGen      total 435712K, used 25204K [0x00000000e0000000, 0x00000000fdb80000, 0x0000000100000000)
  eden space 404480K, 0% used [0x00000000e0000000,0x00000000e0000000,0x00000000f8b00000)
  from space 31232K, 80% used [0x00000000fac00000,0x00000000fc49d150,0x00000000fca80000)
  to   space 33792K, 0% used [0x00000000f8b00000,0x00000000f8b00000,0x00000000fac00000)
 ParOldGen       total 199680K, used 44737K [0x00000000a0000000, 0x00000000ac300000, 0x00000000e0000000)
  object space 199680K, 22% used [0x00000000a0000000,0x00000000a2bb0738,0x00000000ac300000)
 Metaspace       used 54931K, capacity 59080K, committed 59136K, reserved 1099776K
  class space    used 7932K, capacity 8677K, committed 8704K, reserved 1048576K
}
Event: 7.962 GC heap before
{Heap before GC invocations=11 (full 3):
 PSYoungGen      total 435712K, used 25204K [0x00000000e0000000, 0x00000000fdb80000, 0x0000000100000000)
  eden space 404480K, 0% used [0x00000000e0000000,0x00000000e0000000,0x00000000f8b00000)
  from space 31232K, 80% used [0x00000000fac00000,0x00000000fc49d150,0x00000000fca80000)
  to   space 33792K, 0% used [0x00000000f8b00000,0x00000000f8b00000,0x00000000fac00000)
 ParOldGen       total 199680K, used 44737K [0x00000000a0000000, 0x00000000ac300000, 0x00000000e0000000)
  object space 199680K, 22% used [0x00000000a0000000,0x00000000a2bb0738,0x00000000ac300000)
 Metaspace       used 54931K, capacity 59080K, committed 59136K, reserved 1099776K
  class space    used 7932K, capacity 8677K, committed 8704K, reserved 1048576K
Event: 8.202 GC heap after
Heap after GC invocations=11 (full 3):
 PSYoungGen      total 435712K, used 0K [0x00000000e0000000, 0x00000000fdb80000, 0x0000000100000000)
  eden space 404480K, 0% used [0x00000000e0000000,0x00000000e0000000,0x00000000f8b00000)
  from space 31232K, 0% used [0x00000000fac00000,0x00000000fac00000,0x00000000fca80000)
  to   space 33792K, 0% used [0x00000000f8b00000,0x00000000f8b00000,0x00000000fac00000)
 ParOldGen       total 323072K, used 64640K [0x00000000a0000000, 0x00000000b3b80000, 0x00000000e0000000)
  object space 323072K, 20% used [0x00000000a0000000,0x00000000a3f202f8,0x00000000b3b80000)
 Metaspace       used 54895K, capacity 58960K, committed 59136K, reserved 1099776K
  class space    used 7921K, capacity 8657K, committed 8704K, reserved 1048576K
}
Event: 12.456 GC heap before
{Heap before GC invocations=12 (full 3):
 PSYoungGen      total 435712K, used 404480K [0x00000000e0000000, 0x00000000fdb80000, 0x0000000100000000)
  eden space 404480K, 100% used [0x00000000e0000000,0x00000000f8b00000,0x00000000f8b00000)
  from space 31232K, 0% used [0x00000000fac00000,0x00000000fac00000,0x00000000fca80000)
  to   space 33792K, 0% used [0x00000000f8b00000,0x00000000f8b00000,0x00000000fac00000)
 ParOldGen       total 323072K, used 64640K [0x00000000a0000000, 0x00000000b3b80000, 0x00000000e0000000)
  object space 323072K, 20% used [0x00000000a0000000,0x00000000a3f202f8,0x00000000b3b80000)
 Metaspace       used 66807K, capacity 72220K, committed 72576K, reserved 1112064K
  class space    used 9414K, capacity 10527K, committed 10624K, reserved 1048576K
Event: 12.488 GC heap after
Heap after GC invocations=12 (full 3):
 PSYoungGen      total 438272K, used 33764K [0x00000000e0000000, 0x0000000100000000, 0x0000000100000000)
  eden space 404480K, 0% used [0x00000000e0000000,0x00000000e0000000,0x00000000f8b00000)
  from space 33792K, 99% used [0x00000000f8b00000,0x00000000fabf9030,0x00000000fac00000)
  to   space 39424K, 0% used [0x00000000fd980000,0x00000000fd980000,0x0000000100000000)
 ParOldGen       total 323072K, used 67105K [0x00000000a0000000, 0x00000000b3b80000, 0x00000000e0000000)
  object space 323072K, 20% used [0x00000000a0000000,0x00000000a41886e0,0x00000000b3b80000)
 Metaspace       used 66807K, capacity 72220K, committed 72576K, reserved 1112064K
  class space    used 9414K, capacity 10527K, committed 10624K, reserved 1048576K
}

