# JRE version: Java(TM) SE Runtime Environment (8.0_181-b13) (build 1.8.0_181-b13)
# Java VM: Java HotSpot(TM) 64-Bit Server VM (25.181-b13 mixed mode windows-amd64 compressed oops)
Heap:
 PSYoungGen      total 384512K, used 384480K [0x00000000e0000000, 0x0000000100000000, 0x0000000100000000)
  eden space 353792K, 100% used [0x00000000e0000000,0x00000000f5980000,0x00000000f5980000)
  from space 30720K, 99% used [0x00000000f8b80000,0x00000000fa978250,0x00000000fa980000)
  to   space 51200K, 90% used [0x00000000f5980000,0x00000000f86f8930,0x00000000f8b80000)
 ParOldGen       total 355328K, used 92125K [0x00000000a0000000, 0x00000000b5b00000, 0x00000000e0000000)
  object space 355328K, 25% used [0x00000000a0000000,0x00000000a59f7510,0x00000000b5b00000)
 Metaspace       used 73379K, capacity 79148K, committed 79488K, reserved 1118208K
  class space    used 10152K, capacity 11281K, committed 11392K, reserved 1048576K
GC Heap History (10 events):
Event: 7.660 GC heap after
Heap after GC invocations=9 (full 2):
 PSYoungGen      total 276992K, used 15853K [0x00000000e0000000, 0x00000000fa980000, 0x0000000100000000)
  eden space 261120K, 0% used [0x00000000e0000000,0x00000000e0000000,0x00000000eff00000)
  from space 15872K, 99% used [0x00000000eff00000,0x00000000f0e7b650,0x00000000f0e80000)
  to   space 30720K, 0% used [0x00000000f8b80000,0x00000000f8b80000,0x00000000fa980000)
 ParOldGen       total 217088K, used 45025K [0x00000000a0000000, 0x00000000ad400000, 0x00000000e0000000)
  object space 217088K, 20% used [0x00000000a0000000,0x00000000a2bf8758,0x00000000ad400000)
 Metaspace       used 51455K, capacity 55070K, committed 55296K, reserved 1095680K
  class space    used 7491K, capacity 8170K, committed 8192K, reserved 1048576K
}
Event: 8.426 GC heap before
{Heap before GC invocations=10 (full 2):
 PSYoungGen      total 276992K, used 110029K [0x00000000e0000000, 0x00000000fa980000, 0x0000000100000000)
  eden space 261120K, 36% used [0x00000000e0000000,0x00000000e5bf7e98,0x00000000eff00000)
  from space 15872K, 99% used [0x00000000eff00000,0x00000000f0e7b650,0x00000000f0e80000)
  to   space 30720K, 0% used [0x00000000f8b80000,0x00000000f8b80000,0x00000000fa980000)
 ParOldGen       total 217088K, used 45025K [0x00000000a0000000, 0x00000000ad400000, 0x00000000e0000000)
  object space 217088K, 20% used [0x00000000a0000000,0x00000000a2bf8758,0x00000000ad400000)
 Metaspace       used 54914K, capacity 58946K, committed 59028K, reserved 1099776K
  class space    used 7927K, capacity 8675K, committed 8704K, reserved 1048576K
Event: 8.444 GC heap after
Heap after GC invocations=10 (full 2):
 PSYoungGen      total 402432K, used 25573K [0x00000000e0000000, 0x00000000fb200000, 0x0000000100000000)
  eden space 371712K, 0% used [0x00000000e0000000,0x00000000e0000000,0x00000000f6b00000)
  from space 30720K, 83% used [0x00000000f8b80000,0x00000000fa4794d8,0x00000000fa980000)
  to   space 33280K, 0% used [0x00000000f6b00000,0x00000000f6b00000,0x00000000f8b80000)
 ParOldGen       total 217088K, used 45033K [0x00000000a0000000, 0x00000000ad400000, 0x00000000e0000000)
  object space 217088K, 20% used [0x00000000a0000000,0x00000000a2bfa758,0x00000000ad400000)
 Metaspace       used 54914K, capacity 58946K, committed 59028K, reserved 1099776K
  class space    used 7927K, capacity 8675K, committed 8704K, reserved 1048576K
}
Event: 8.444 GC heap before
{Heap before GC invocations=11 (full 3):
 PSYoungGen      total 402432K, used 25573K [0x00000000e0000000, 0x00000000fb200000, 0x0000000100000000)
  eden space 371712K, 0% used [0x00000000e0000000,0x00000000e0000000,0x00000000f6b00000)
  from space 30720K, 83% used [0x00000000f8b80000,0x00000000fa4794d8,0x00000000fa980000)
  to   space 33280K, 0% used [0x00000000f6b00000,0x00000000f6b00000,0x00000000f8b80000)
 ParOldGen       total 217088K, used 45033K [0x00000000a0000000, 0x00000000ad400000, 0x00000000e0000000)
  object space 217088K, 20% used [0x00000000a0000000,0x00000000a2bfa758,0x00000000ad400000)
 Metaspace       used 54914K, capacity 58946K, committed 59028K, reserved 1099776K
  class space    used 7927K, capacity 8675K, committed 8704K, reserved 1048576K
Event: 8.729 GC heap after
Heap after GC invocations=11 (full 3):
 PSYoungGen      total 402432K, used 0K [0x00000000e0000000, 0x00000000fb200000, 0x0000000100000000)
  eden space 371712K, 0% used [0x00000000e0000000,0x00000000e0000000,0x00000000f6b00000)
  from space 30720K, 0% used [0x00000000f8b80000,0x00000000f8b80000,0x00000000fa980000)
  to   space 33280K, 0% used [0x00000000f6b00000,0x00000000f6b00000,0x00000000f8b80000)
 ParOldGen       total 355328K, used 64637K [0x00000000a0000000, 0x00000000b5b00000, 0x00000000e0000000)
  object space 355328K, 18% used [0x00000000a0000000,0x00000000a3f1f458,0x00000000b5b00000)
 Metaspace       used 54876K, capacity 58820K, committed 59028K, reserved 1099776K
  class space    used 7916K, capacity 8654K, committed 8704K, reserved 1048576K
}
Event: 12.661 GC heap before
{Heap before GC invocations=12 (full 3):
 PSYoungGen      total 402432K, used 371712K [0x00000000e0000000, 0x00000000fb200000, 0x0000000100000000)
  eden space 371712K, 100% used [0x00000000e0000000,0x00000000f6b00000,0x00000000f6b00000)
  from space 30720K, 0% used [0x00000000f8b80000,0x00000000f8b80000,0x00000000fa980000)
  to   space 33280K, 0% used [0x00000000f6b00000,0x00000000f6b00000,0x00000000f8b80000)
 ParOldGen       total 355328K, used 64637K [0x00000000a0000000, 0x00000000b5b00000, 0x00000000e0000000)
  object space 355328K, 18% used [0x00000000a0000000,0x00000000a3f1f458,0x00000000b5b00000)
 Metaspace       used 66694K, capacity 72014K, committed 72192K, reserved 1112064K
  class space    used 9408K, capacity 10463K, committed 10496K, reserved 1048576K
Event: 12.690 GC heap after
Heap after GC invocations=12 (full 3):
 PSYoungGen      total 404992K, used 33275K [0x00000000e0000000, 0x00000000fb200000, 0x0000000100000000)
  eden space 371712K, 0% used [0x00000000e0000000,0x00000000e0000000,0x00000000f6b00000)
  from space 33280K, 99% used [0x00000000f6b00000,0x00000000f8b7ece0,0x00000000f8b80000)
  to   space 30720K, 0% used [0x00000000f8b80000,0x00000000f8b80000,0x00000000fa980000)
 ParOldGen       total 355328K, used 65548K [0x00000000a0000000, 0x00000000b5b00000, 0x00000000e0000000)
  object space 355328K, 18% used [0x00000000a0000000,0x00000000a40032a0,0x00000000b5b00000)
 Metaspace       used 66694K, capacity 72014K, committed 72192K, reserved 1112064K
  class space    used 9408K, capacity 10463K, committed 10496K, reserved 1048576K
}
Event: 16.397 GC heap before
{Heap before GC invocations=13 (full 3):
 PSYoungGen      total 404992K, used 404987K [0x00000000e0000000, 0x00000000fb200000, 0x0000000100000000)
  eden space 371712K, 100% used [0x00000000e0000000,0x00000000f6b00000,0x00000000f6b00000)
  from space 33280K, 99% used [0x00000000f6b00000,0x00000000f8b7ece0,0x00000000f8b80000)
  to   space 30720K, 0% used [0x00000000f8b80000,0x00000000f8b80000,0x00000000fa980000)
 ParOldGen       total 355328K, used 65548K [0x00000000a0000000, 0x00000000b5b00000, 0x00000000e0000000)
  object space 355328K, 18% used [0x00000000a0000000,0x00000000a40032a0,0x00000000b5b00000)
 Metaspace       used 72780K, capacity 78442K, committed 78592K, reserved 1116160K
  class space    used 10132K, capacity 11248K, committed 11264K, reserved 1048576K
Event: 16.424 GC heap after
Heap after GC invocations=13 (full 3):
 PSYoungGen      total 384512K, used 30688K [0x00000000e0000000, 0x0000000100000000, 0x0000000100000000)
  eden space 353792K, 0% used [0x00000000e0000000,0x00000000e0000000,0x00000000f5980000)
  from space 30720K, 99% used [0x00000000f8b80000,0x00000000fa978250,0x00000000fa980000)
  to   space 51200K, 0% used [0x00000000f5980000,0x00000000f5980000,0x00000000f8b80000)
 ParOldGen       total 355328K, used 92125K [0x00000000a0000000, 0x00000000b5b00000, 0x00000000e0000000)
  object space 355328K, 25% used [0x00000000a0000000,0x00000000a59f7510,0x00000000b5b00000)
 Metaspace       used 72780K, capacity 78442K, committed 78592K, reserved 1116160K
  class space    used 10132K, capacity 11248K, committed 11264K, reserved 1048576K
}
Event: 18.954 GC heap before
{Heap before GC invocations=14 (full 3):
 PSYoungGen      total 384512K, used 384480K [0x00000000e0000000, 0x0000000100000000, 0x0000000100000000)
  eden space 353792K, 100% used [0x00000000e0000000,0x00000000f5980000,0x00000000f5980000)
  from space 30720K, 99% used [0x00000000f8b80000,0x00000000fa978250,0x00000000fa980000)
  to   space 51200K, 0% used [0x00000000f5980000,0x00000000f5980000,0x00000000f8b80000)
 ParOldGen       total 355328K, used 92125K [0x00000000a0000000, 0x00000000b5b00000, 0x00000000e0000000)
  object space 355328K, 25% used [0x00000000a0000000,0x00000000a59f7510,0x00000000b5b00000)
 Metaspace       used 73379K, capacity 79148K, committed 79488K, reserved 1118208K
  class space    used 10152K, capacity 11281K, committed 11392K, reserved 1048576K

